<?xml version="1.0" encoding="UTF-8"?>
<testsuite name="my.mytest2" tests="2" skipped="0" failures="0" errors="0" timestamp="2021-01-14T17:38:52" hostname="MUNIT-373.local" time="30.016">
  <properties/>
  <testcase name="foo2" classname="my.mytest2" time="10.001"/>
  <testcase name="foo2" classname="my.mytest2" time="10.004"/>
  <system-out><![CDATA[]]></system-out>
  <system-err><![CDATA[]]></system-err>
</testsuite>
