<?xml version="1.0" encoding="UTF-8"?>
<testsuite name="my.mytest" tests="2" skipped="0" failures="0" errors="0" timestamp="2021-01-14T17:38:42" hostname="MUNIT-373.local" time="30.022">
  <properties/>
  <testcase name="foo1" classname="my.mytest" time="10.008"/>
  <testcase name="foo1" classname="my.mytest" time="10.003"/>
  <system-out><![CDATA[]]></system-out>
  <system-err><![CDATA[]]></system-err>
</testsuite>
