<?xml version="1.0" encoding="UTF-8"?>
<testsuite name="my.mytest2" tests="2" skipped="0" failures="0" errors="0" timestamp="2021-01-14T17:51:53" hostname="MUNIT-373.local" time="3.018">
  <properties/>
  <testcase name="foo2" classname="my.mytest2" time="1.002"/>
  <testcase name="foo2" classname="my.mytest2" time="1.005"/>
  <system-out><![CDATA[]]></system-out>
  <system-err><![CDATA[]]></system-err>
</testsuite>
